<?xml version="1.0" encoding="UTF-8"?>
<!-- Generated by org.testng.reporters.JUnitXMLReporter -->
<testsuite ignored="0" hostname="DESKTOP-GPLV3J8" failures="0" tests="4" name="Default test" time="17.759" errors="0" timestamp="2023-03-22T03:12:19 GMT-07:00">
  <testcase classname="api.test.userTest" name="test_cerateuser" time="8.36"/>
  <testcase classname="api.test.userTest" name="test_readuser" time="1.994"/>
  <testcase classname="api.test.userTest" name="test_updateuser" time="3.99"/>
  <testcase classname="api.test.userTest" name="delete_readuser" time="1.942"/>
</testsuite> <!-- Default test -->
