<?xml version="1.0" encoding="UTF-8"?>
<!-- Generated by org.testng.reporters.JUnitXMLReporter -->
<testsuite ignored="0" hostname="DESKTOP-GPLV3J8" failures="0" tests="4" name="Default test" time="14.455" errors="0" timestamp="2023-03-25T04:46:16 GMT-07:00">
  <testcase classname="api.test.userTest" name="test_cerateuser" time="5.883"/>
  <testcase classname="api.test.userTest" name="test_readuser" time="1.802"/>
  <testcase classname="api.test.userTest" name="test_updateuser" time="3.238"/>
  <testcase classname="api.test.userTest" name="delete_readuser" time="1.826"/>
</testsuite> <!-- Default test -->
