<?xml version="1.0" encoding="UTF-8"?>
<testng-results ignored="0" total="10" passed="10" failed="0" skipped="0">
  <reporter-output>
  </reporter-output>
  <suite started-at="2023-03-22T03:43:34 GMT-07:00" name="PetSuite" finished-at="2023-03-22T03:44:02 GMT-07:00" duration-ms="28467">
    <groups>
    </groups>
    <test started-at="2023-03-22T03:43:34 GMT-07:00" name="PetTest" finished-at="2023-03-22T03:44:02 GMT-07:00" duration-ms="28467">
      <class name="api.test.DDtest">
        <test-method signature="testcreate_user(java.lang.String,java.lang.String,java.lang.String,java.lang.String,java.lang.String,java.lang.String,java.lang.String)[pri:1, instance:api.test.DDtest@402bba4f]" started-at="2023-03-22T03:43:50 GMT-07:00" name="testcreate_user" data-provider="Data" finished-at="2023-03-22T03:43:52 GMT-07:00" duration-ms="1809" status="PASS">
          <params>
            <param index="0">
              <value>
                <![CDATA[1010]]>
              </value>
            </param>
            <param index="1">
              <value>
                <![CDATA[testuser1]]>
              </value>
            </param>
            <param index="2">
              <value>
                <![CDATA[John]]>
              </value>
            </param>
            <param index="3">
              <value>
                <![CDATA[Canedy]]>
              </value>
            </param>
            <param index="4">
              <value>
                <![CDATA[a@gmail.com]]>
              </value>
            </param>
            <param index="5">
              <value>
                <![CDATA[test@1]]>
              </value>
            </param>
            <param index="6">
              <value>
                <![CDATA[1234567897]]>
              </value>
            </param>
          </params>
          <reporter-output>
          </reporter-output>
        </test-method> <!-- testcreate_user -->
        <test-method signature="testcreate_user(java.lang.String,java.lang.String,java.lang.String,java.lang.String,java.lang.String,java.lang.String,java.lang.String)[pri:1, instance:api.test.DDtest@402bba4f]" started-at="2023-03-22T03:43:52 GMT-07:00" name="testcreate_user" data-provider="Data" finished-at="2023-03-22T03:43:54 GMT-07:00" duration-ms="1944" status="PASS">
          <params>
            <param index="0">
              <value>
                <![CDATA[1020]]>
              </value>
            </param>
            <param index="1">
              <value>
                <![CDATA[testuser2]]>
              </value>
            </param>
            <param index="2">
              <value>
                <![CDATA[Kim]]>
              </value>
            </param>
            <param index="3">
              <value>
                <![CDATA[Kom]]>
              </value>
            </param>
            <param index="4">
              <value>
                <![CDATA[b@gmail.com]]>
              </value>
            </param>
            <param index="5">
              <value>
                <![CDATA[test@2]]>
              </value>
            </param>
            <param index="6">
              <value>
                <![CDATA[1234567897]]>
              </value>
            </param>
          </params>
          <reporter-output>
          </reporter-output>
        </test-method> <!-- testcreate_user -->
        <test-method signature="testcreate_user(java.lang.String,java.lang.String,java.lang.String,java.lang.String,java.lang.String,java.lang.String,java.lang.String)[pri:1, instance:api.test.DDtest@402bba4f]" started-at="2023-03-22T03:43:54 GMT-07:00" name="testcreate_user" data-provider="Data" finished-at="2023-03-22T03:43:56 GMT-07:00" duration-ms="2252" status="PASS">
          <params>
            <param index="0">
              <value>
                <![CDATA[1030]]>
              </value>
            </param>
            <param index="1">
              <value>
                <![CDATA[testuser3]]>
              </value>
            </param>
            <param index="2">
              <value>
                <![CDATA[Smith]]>
              </value>
            </param>
            <param index="3">
              <value>
                <![CDATA[Steve]]>
              </value>
            </param>
            <param index="4">
              <value>
                <![CDATA[c@gmail.com]]>
              </value>
            </param>
            <param index="5">
              <value>
                <![CDATA[test@3]]>
              </value>
            </param>
            <param index="6">
              <value>
                <![CDATA[1234567897]]>
              </value>
            </param>
          </params>
          <reporter-output>
          </reporter-output>
        </test-method> <!-- testcreate_user -->
        <test-method signature="testdelete_user(java.lang.String)[pri:2, instance:api.test.DDtest@402bba4f]" started-at="2023-03-22T03:43:56 GMT-07:00" name="testdelete_user" data-provider="UserNames" finished-at="2023-03-22T03:43:58 GMT-07:00" duration-ms="1907" status="PASS">
          <params>
            <param index="0">
              <value>
                <![CDATA[testuser1]]>
              </value>
            </param>
          </params>
          <reporter-output>
          </reporter-output>
        </test-method> <!-- testdelete_user -->
        <test-method signature="testdelete_user(java.lang.String)[pri:2, instance:api.test.DDtest@402bba4f]" started-at="2023-03-22T03:43:58 GMT-07:00" name="testdelete_user" data-provider="UserNames" finished-at="2023-03-22T03:44:00 GMT-07:00" duration-ms="2047" status="PASS">
          <params>
            <param index="0">
              <value>
                <![CDATA[testuser2]]>
              </value>
            </param>
          </params>
          <reporter-output>
          </reporter-output>
        </test-method> <!-- testdelete_user -->
        <test-method signature="testdelete_user(java.lang.String)[pri:2, instance:api.test.DDtest@402bba4f]" started-at="2023-03-22T03:44:00 GMT-07:00" name="testdelete_user" data-provider="UserNames" finished-at="2023-03-22T03:44:02 GMT-07:00" duration-ms="1944" status="PASS">
          <params>
            <param index="0">
              <value>
                <![CDATA[testuser3]]>
              </value>
            </param>
          </params>
          <reporter-output>
          </reporter-output>
        </test-method> <!-- testdelete_user -->
      </class> <!-- api.test.DDtest -->
      <class name="api.test.userTest">
        <test-method is-config="true" signature="setup()[pri:0, instance:api.test.userTest@1afd44cb]" started-at="2023-03-22T03:43:34 GMT-07:00" name="setup" finished-at="2023-03-22T03:43:35 GMT-07:00" duration-ms="1258" status="PASS">
          <reporter-output>
          </reporter-output>
        </test-method> <!-- setup -->
        <test-method signature="test_cerateuser()[pri:1, instance:api.test.userTest@1afd44cb]" started-at="2023-03-22T03:43:35 GMT-07:00" name="test_cerateuser" finished-at="2023-03-22T03:43:40 GMT-07:00" duration-ms="5043" status="PASS">
          <reporter-output>
          </reporter-output>
        </test-method> <!-- test_cerateuser -->
        <test-method signature="test_readuser()[pri:2, instance:api.test.userTest@1afd44cb]" started-at="2023-03-22T03:43:40 GMT-07:00" name="test_readuser" finished-at="2023-03-22T03:43:42 GMT-07:00" duration-ms="2137" status="PASS">
          <reporter-output>
          </reporter-output>
        </test-method> <!-- test_readuser -->
        <test-method signature="test_updateuser()[pri:3, instance:api.test.userTest@1afd44cb]" started-at="2023-03-22T03:43:42 GMT-07:00" name="test_updateuser" finished-at="2023-03-22T03:43:46 GMT-07:00" duration-ms="3659" status="PASS">
          <reporter-output>
          </reporter-output>
        </test-method> <!-- test_updateuser -->
        <test-method signature="delete_readuser()[pri:4, instance:api.test.userTest@1afd44cb]" started-at="2023-03-22T03:43:46 GMT-07:00" name="delete_readuser" finished-at="2023-03-22T03:43:48 GMT-07:00" duration-ms="2133" status="PASS">
          <reporter-output>
          </reporter-output>
        </test-method> <!-- delete_readuser -->
      </class> <!-- api.test.userTest -->
    </test> <!-- PetTest -->
  </suite> <!-- PetSuite -->
</testng-results>
