<?xml version="1.0" encoding="UTF-8"?>
<testng-results ignored="0" total="4" passed="4" failed="0" skipped="0">
  <reporter-output>
  </reporter-output>
  <suite started-at="2023-03-22T03:12:01 GMT-07:00" name="Default suite" finished-at="2023-03-22T03:12:19 GMT-07:00" duration-ms="17759">
    <groups>
    </groups>
    <test started-at="2023-03-22T03:12:01 GMT-07:00" name="Default test" finished-at="2023-03-22T03:12:19 GMT-07:00" duration-ms="17759">
      <class name="api.test.userTest">
        <test-method is-config="true" signature="setup()[pri:0, instance:api.test.userTest@3febb011]" started-at="2023-03-22T03:12:01 GMT-07:00" name="setup" finished-at="2023-03-22T03:12:03 GMT-07:00" duration-ms="1385" status="PASS">
          <reporter-output>
          </reporter-output>
        </test-method> <!-- setup -->
        <test-method signature="test_cerateuser()[pri:1, instance:api.test.userTest@3febb011]" started-at="2023-03-22T03:12:03 GMT-07:00" name="test_cerateuser" finished-at="2023-03-22T03:12:11 GMT-07:00" duration-ms="8360" status="PASS">
          <reporter-output>
          </reporter-output>
        </test-method> <!-- test_cerateuser -->
        <test-method signature="test_readuser()[pri:2, instance:api.test.userTest@3febb011]" started-at="2023-03-22T03:12:11 GMT-07:00" name="test_readuser" finished-at="2023-03-22T03:12:13 GMT-07:00" duration-ms="1994" status="PASS">
          <reporter-output>
          </reporter-output>
        </test-method> <!-- test_readuser -->
        <test-method signature="test_updateuser()[pri:3, instance:api.test.userTest@3febb011]" started-at="2023-03-22T03:12:13 GMT-07:00" name="test_updateuser" finished-at="2023-03-22T03:12:17 GMT-07:00" duration-ms="3990" status="PASS">
          <reporter-output>
          </reporter-output>
        </test-method> <!-- test_updateuser -->
        <test-method signature="delete_readuser()[pri:4, instance:api.test.userTest@3febb011]" started-at="2023-03-22T03:12:17 GMT-07:00" name="delete_readuser" finished-at="2023-03-22T03:12:19 GMT-07:00" duration-ms="1942" status="PASS">
          <reporter-output>
          </reporter-output>
        </test-method> <!-- delete_readuser -->
      </class> <!-- api.test.userTest -->
    </test> <!-- Default test -->
  </suite> <!-- Default suite -->
</testng-results>
