<?xml version="1.0" encoding="UTF-8"?>
<!-- Generated by org.testng.reporters.JUnitXMLReporter -->
<testsuite ignored="0" hostname="DESKTOP-GPLV3J8" failures="0" tests="10" name="PetTest" time="28.467" errors="0" timestamp="2023-03-22T03:44:03 GMT-07:00">
  <testcase classname="api.test.userTest" name="test_cerateuser" time="5.043"/>
  <testcase classname="api.test.userTest" name="test_readuser" time="2.137"/>
  <testcase classname="api.test.userTest" name="test_updateuser" time="3.659"/>
  <testcase classname="api.test.userTest" name="delete_readuser" time="2.133"/>
  <testcase classname="api.test.DDtest" name="testcreate_user" time="1.809"/>
  <testcase classname="api.test.DDtest" name="testcreate_user" time="1.944"/>
  <testcase classname="api.test.DDtest" name="testcreate_user" time="2.252"/>
  <testcase classname="api.test.DDtest" name="testdelete_user" time="1.907"/>
  <testcase classname="api.test.DDtest" name="testdelete_user" time="2.047"/>
  <testcase classname="api.test.DDtest" name="testdelete_user" time="1.944"/>
</testsuite> <!-- PetTest -->
