<?xml version="1.0" encoding="UTF-8"?>
<!-- Generated by org.testng.reporters.JUnitXMLReporter -->
<testsuite ignored="0" hostname="DESKTOP-GPLV3J8" failures="0" tests="10" name="PetTest" time="23.573" errors="0" timestamp="2023-03-21T13:53:17 GMT-07:00">
  <testcase classname="api.test.userTest" name="test_cerateuser" time="4.425"/>
  <testcase classname="api.test.userTest" name="test_readuser" time="1.704"/>
  <testcase classname="api.test.userTest" name="test_updateuser" time="3.268"/>
  <testcase classname="api.test.userTest" name="delete_readuser" time="1.702"/>
  <testcase classname="api.test.DDtest" name="testcreate_user" time="1.626"/>
  <testcase classname="api.test.DDtest" name="testcreate_user" time="1.668"/>
  <testcase classname="api.test.DDtest" name="testcreate_user" time="1.651"/>
  <testcase classname="api.test.DDtest" name="testdelete_user" time="1.703"/>
  <testcase classname="api.test.DDtest" name="testdelete_user" time="1.618"/>
  <testcase classname="api.test.DDtest" name="testdelete_user" time="1.641"/>
</testsuite> <!-- PetTest -->
